<?xml version="1.0" encoding="UTF-8"?>
<!-- Generated by org.testng.reporters.JUnitReportReporter -->
<testsuite hostname="LAPTOP-C8NQPUNU" failures="0" tests="1" name="StepDefination.StepDefination" time="5.538" errors="0" timestamp="2023-09-14T12:05:30 IST" skipped="0">
  <testcase classname="StepDefination.StepDefination" name="launchApplication" time="5.538"/>
</testsuite> <!-- StepDefination.StepDefination -->
