<?xml version="1.0" encoding="UTF-8"?>
<!-- Generated by org.testng.reporters.JUnitReportReporter -->
<testsuite hostname="LAPTOP-C8NQPUNU" failures="0" tests="1" name="runners.TestRunner" time="16.716" errors="0" timestamp="2023-09-15T10:45:35 IST" skipped="0">
  <testcase classname="runners.TestRunner" name="runScenario" time="16.716"/>
</testsuite> <!-- runners.TestRunner -->
